0 info it worked if it ends with ok
1 verbose cli [ '/usr/bin/node', '/usr/bin/npm', 'run', 'db:start' ]
2 info using npm@3.5.2
3 info using node@v8.10.0
4 verbose run-script [ 'predb:start', 'db:start', 'postdb:start' ]
5 info lifecycle node-4@1.0.0~predb:start: node-4@1.0.0
6 silly lifecycle node-4@1.0.0~predb:start: no script for predb:start, continuing
7 info lifecycle node-4@1.0.0~db:start: node-4@1.0.0
8 verbose lifecycle node-4@1.0.0~db:start: unsafe-perm in lifecycle true
9 verbose lifecycle node-4@1.0.0~db:start: PATH: /usr/share/npm/bin/node-gyp-bin:/home/dev-65/Desktop/boomcamp/node-4/node_modules/.bin:/usr/local/sbin:/usr/local/bin:/usr/sbin:/usr/bin:/sbin:/bin:/snap/bin
10 verbose lifecycle node-4@1.0.0~db:start: CWD: /home/dev-65/Desktop/boomcamp/node-4
11 silly lifecycle node-4@1.0.0~db:start: Args: [ '-c', 'docker-compose up -d db' ]
12 silly lifecycle node-4@1.0.0~db:start: Returned: code: 1  signal: null
13 info lifecycle node-4@1.0.0~db:start: Failed to exec db:start script
14 verbose stack Error: node-4@1.0.0 db:start: `docker-compose up -d db`
14 verbose stack Exit status 1
14 verbose stack     at EventEmitter.<anonymous> (/usr/share/npm/lib/utils/lifecycle.js:232:16)
14 verbose stack     at emitTwo (events.js:126:13)
14 verbose stack     at EventEmitter.emit (events.js:214:7)
14 verbose stack     at ChildProcess.<anonymous> (/usr/share/npm/lib/utils/spawn.js:24:14)
14 verbose stack     at emitTwo (events.js:126:13)
14 verbose stack     at ChildProcess.emit (events.js:214:7)
14 verbose stack     at maybeClose (internal/child_process.js:925:16)
14 verbose stack     at Process.ChildProcess._handle.onexit (internal/child_process.js:209:5)
15 verbose pkgid node-4@1.0.0
16 verbose cwd /home/dev-65/Desktop/boomcamp/node-4
17 error Linux 4.15.0-72-generic
18 error argv "/usr/bin/node" "/usr/bin/npm" "run" "db:start"
19 error node v8.10.0
20 error npm  v3.5.2
21 error code ELIFECYCLE
22 error node-4@1.0.0 db:start: `docker-compose up -d db`
22 error Exit status 1
23 error Failed at the node-4@1.0.0 db:start script 'docker-compose up -d db'.
23 error Make sure you have the latest version of node.js and npm installed.
23 error If you do, this is most likely a problem with the node-4 package,
23 error not with npm itself.
23 error Tell the author that this fails on your system:
23 error     docker-compose up -d db
23 error You can get information on how to open an issue for this project with:
23 error     npm bugs node-4
23 error Or if that isn't available, you can get their info via:
23 error     npm owner ls node-4
23 error There is likely additional logging output above.
24 verbose exit [ 1, true ]
